<?xml version="1.0" encoding="UTF-8"?>
<!-- Generated by org.testng.reporters.JUnitReportReporter -->
<testsuite skipped="0" hostname="EN-ManojB" name="com.test.sample1.tests.NewTest" tests="1" failures="0" timestamp="09 Dec 2017 02:49:05 GMT" time="0.009" errors="0">
  <testcase name="f" time="0.009" classname="com.test.sample1.tests.NewTest"/>
</testsuite> <!-- com.test.sample1.tests.NewTest -->
